   1                             		.file	"hardware_setup.c"
   9                             	.Ltext0:
  10                             		.global	_HardwareSetup
  12                             	_HardwareSetup:
  13                             	.LFB0:
  14                             		.file 1 "../src/hardware_setup.c"
   1:../src/hardware_setup.c **** /***********************************************************************/
   2:../src/hardware_setup.c **** /*  													               */
   3:../src/hardware_setup.c **** /*      PROJECT NAME :  opend2c                                        */
   4:../src/hardware_setup.c **** /*      FILE         :  hardware_setup.c                               */
   5:../src/hardware_setup.c **** /*      DESCRIPTION  :  Hardware Initialization                        */
   6:../src/hardware_setup.c **** /*      CPU SERIES   :  RX600                                          */
   7:../src/hardware_setup.c **** /*      CPU TYPE     :  RX62N                                          */
   8:../src/hardware_setup.c **** /*  													               */
   9:../src/hardware_setup.c **** /*      This file is generated by KPIT Eclipse.                        */
  10:../src/hardware_setup.c **** /*  													               */
  11:../src/hardware_setup.c **** /***********************************************************************/                          
  12:../src/hardware_setup.c **** 
  13:../src/hardware_setup.c **** 
  14:../src/hardware_setup.c **** #include "iodefine.h"
  15:../src/hardware_setup.c **** #ifdef __cplusplus
  16:../src/hardware_setup.c **** extern "C" {
  17:../src/hardware_setup.c **** #endif
  18:../src/hardware_setup.c **** extern void HardwareSetup(void);
  19:../src/hardware_setup.c **** #ifdef __cplusplus
  20:../src/hardware_setup.c **** }
  21:../src/hardware_setup.c **** #endif
  22:../src/hardware_setup.c **** 
  23:../src/hardware_setup.c **** void HardwareSetup(void)
  24:../src/hardware_setup.c **** {
  15                             		.loc 1 24 0
  16 0000 7E A6                   		push.l	r6
  17                             	.LCFI0:
  18 0002 EF 06                   		mov.L	r0, r6
  19                             	.LCFI1:
  25:../src/hardware_setup.c **** /*
  26:../src/hardware_setup.c ****   SCI.SMR.BYTE = 0;
  27:../src/hardware_setup.c ****   SCI.SMR.BIT.CA   = 1;
  28:../src/hardware_setup.c ****   SCI.SMR.BIT.CHR  = 1;
  29:../src/hardware_setup.c ****   SCI.SMR.BIT.OE   = 1;
  30:../src/hardware_setup.c ****   SCI.SMR.BIT.STOP = 1;
  31:../src/hardware_setup.c ****   SCI.SMR.BIT.MP   = 1;
  32:../src/hardware_setup.c ****   SCI.SMR.BIT.CKS  = 3;
  33:../src/hardware_setup.c ****   SCI.BRR = 0;
  34:../src/hardware_setup.c ****   SCI.SCR.BYTE = 0;
  35:../src/hardware_setup.c ****   SCI.SCR.BIT.TIE  = 1;
  36:../src/hardware_setup.c ****   SCI.SCR.BIT.RIE  = 1;
  37:../src/hardware_setup.c ****   SCI.SCR.BIT.TE   = 1;
  38:../src/hardware_setup.c ****   SCI.SCR.BIT.RE   = 1;
  39:../src/hardware_setup.c ****   SCI.SCR.BIT.MPIE = 1;
  40:../src/hardware_setup.c ****   SCI.SCR.BIT.TEIE = 1;
  41:../src/hardware_setup.c ****   SCI.SCR.BIT.CKE  = 3;
  42:../src/hardware_setup.c ****   SCI.TDR = 0;
  43:../src/hardware_setup.c ****   SCI.SSR.BYTE = 0;
  44:../src/hardware_setup.c ****   SCI.SSR.BIT.TDRE = 1;
  45:../src/hardware_setup.c ****   SCI.SSR.BIT.RDRF = 1;
  46:../src/hardware_setup.c ****   SCI.SSR.BIT.ORER = 1;
  47:../src/hardware_setup.c ****   SCI.SSR.BIT.FER  = 1;
  48:../src/hardware_setup.c ****   SCI.SSR.BIT.PER  = 1;
  49:../src/hardware_setup.c ****   SCI.SSR.BIT.TEND = 1;
  50:../src/hardware_setup.c ****   SCI.SSR.BIT.MPB  = 1;
  51:../src/hardware_setup.c ****   SCI.SSR.BIT.MPBT = 1;
  52:../src/hardware_setup.c ****   SCI.RDR = 0;
  53:../src/hardware_setup.c **** 
  54:../src/hardware_setup.c **** */
  55:../src/hardware_setup.c **** }
  20                             		.loc 1 55 0
  21 0004 3F 66 01                		rtsd	#4, r6-r6
  22                             	.LFE0:
  60                             	.Letext0:
