   1                             		.file	"vector_table.c"
   9                             	.Ltext0:
  10                             		.global	_HardwareVectors
  11                             		.section	.fvectors,"aw",@progbits
  12                             		.balign 4
  15                             	_HardwareVectors:
  16 0000 FF FF FF FF             		.long	-1
  17 0004 FF FF FF FF             		.long	-1
  18 0008 FF FF FF FF             		.long	-1
  19 000c FF FF FF FF             		.long	-1
  20 0010 00 00 00 00             		.long	0
  21 0014 00 00 00 00             		.long	0
  22 0018 00 00 00 00             		.long	0
  23 001c 00 00 00 00             		.long	0
  24 0020 00 00 00 00             		.long	0
  25 0024 00 00 00 00             		.long	0
  26 0028 00 00 00 00             		.long	0
  27 002c 00 00 00 00             		.long	0
  28 0030 00 00 00 00             		.long	_INT_Excep_SuperVisorInst
  29 0034 00 00 00 00             		.long	0
  30 0038 00 00 00 00             		.long	0
  31 003c 00 00 00 00             		.long	_INT_Excep_UndefinedInst
  32 0040 00 00 00 00             		.long	0
  33 0044 00 00 00 00             		.long	_INT_Excep_FloatingPoint
  34 0048 00 00 00 00             		.long	0
  35 004c 00 00 00 00             		.long	0
  36 0050 00 00 00 00             		.long	0
  37 0054 00 00 00 00             		.long	0
  38 0058 00 00 00 00             		.long	_INT_NonMaskableInterrupt
  39 005c 00 00 00 00             		.long	_PowerON_Reset
  40                             		.global	_RelocatableVectors
  41                             		.section	.rvectors,"a",@progbits
  42                             		.balign 4
  45                             	_RelocatableVectors:
  46 0000 00 00 00 00             		.long	0
  47 0004 00 00 00 00             		.long	0
  48 0008 00 00 00 00             		.long	0
  49 000c 00 00 00 00             		.long	0
  50 0010 00 00 00 00             		.long	0
  51 0014 00 00 00 00             		.long	0
  52 0018 00 00 00 00             		.long	0
  53 001c 00 00 00 00             		.long	0
  54 0020 00 00 00 00             		.long	0
  55 0024 00 00 00 00             		.long	0
  56 0028 00 00 00 00             		.long	0
  57 002c 00 00 00 00             		.long	0
  58 0030 00 00 00 00             		.long	0
  59 0034 00 00 00 00             		.long	0
  60 0038 00 00 00 00             		.long	0
  61 003c 00 00 00 00             		.long	0
  62 0040 00 00 00 00             		.long	_INT_Excep_BUSERR
  63 0044 00 00 00 00             		.long	0
  64 0048 00 00 00 00             		.long	0
  65 004c 00 00 00 00             		.long	0
  66 0050 00 00 00 00             		.long	0
  67 0054 00 00 00 00             		.long	_INT_Excep_FCU_FCUERR
  68 0058 00 00 00 00             		.long	0
  69 005c 00 00 00 00             		.long	_INT_Excep_FCU_FRDYI
  70 0060 00 00 00 00             		.long	0
  71 0064 00 00 00 00             		.long	0
  72 0068 00 00 00 00             		.long	0
  73 006c 00 00 00 00             		.long	_INT_Excep_ICU_SWINT
  74 0070 00 00 00 00             		.long	_INT_Excep_CMTU0_CMI0
  75 0074 00 00 00 00             		.long	_INT_Excep_CMTU0_CMI1
  76 0078 00 00 00 00             		.long	_INT_Excep_CMTU1_CMI2
  77 007c 00 00 00 00             		.long	_INT_Excep_CMTU1_CMI3
  78 0080 00 00 00 00             		.long	_INT_Excep_ETHER_EINT
  79 0084 00 00 00 00             		.long	0
  80 0088 00 00 00 00             		.long	0
  81 008c 00 00 00 00             		.long	0
  82 0090 00 00 00 00             		.long	_INT_Excep_USB0_D0FIFO0
  83 0094 00 00 00 00             		.long	_INT_Excep_USB0_D1FIFO0
  84 0098 00 00 00 00             		.long	_INT_Excep_USB0_USBI0
  85 009c 00 00 00 00             		.long	0
  86 00a0 00 00 00 00             		.long	_INT_Excep_USB1_D0FIFO1
  87 00a4 00 00 00 00             		.long	_INT_Excep_USB1_D1FIFO1
  88 00a8 00 00 00 00             		.long	_INT_Excep_USB1_USBI1
  89 00ac 00 00 00 00             		.long	0
  90 00b0 00 00 00 00             		.long	_INT_Excep_RSPI0_SPEIO
  91 00b4 00 00 00 00             		.long	_INT_Excep_RSPI0_SPRI0
  92 00b8 00 00 00 00             		.long	_INT_Excep_RSPI0_SPTI0
  93 00bc 00 00 00 00             		.long	_INT_Excep_RSPI0_SPII0
  94 00c0 00 00 00 00             		.long	_INT_Excep_RSPI1_SPEI1
  95 00c4 00 00 00 00             		.long	_INT_Excep_RSPI1_SPRI1
  96 00c8 00 00 00 00             		.long	_INT_Excep_RSPI1_SPTI1
  97 00cc 00 00 00 00             		.long	_INT_Excep_RSPI1_SPII1
  98 00d0 00 00 00 00             		.long	0
  99 00d4 00 00 00 00             		.long	0
 100 00d8 00 00 00 00             		.long	0
 101 00dc 00 00 00 00             		.long	0
 102 00e0 00 00 00 00             		.long	_INT_Excep_CAN0_ERS0
 103 00e4 00 00 00 00             		.long	_INT_Excep_CAN0_RXF0
 104 00e8 00 00 00 00             		.long	_INT_Excep_CAN0_TXF0
 105 00ec 00 00 00 00             		.long	_INT_Excep_CAN0_RXM0
 106 00f0 00 00 00 00             		.long	_INT_Excep_CAN0_TXM0
 107 00f4 00 00 00 00             		.long	0
 108 00f8 00 00 00 00             		.long	_INT_Excep_RTC_PRD
 109 00fc 00 00 00 00             		.long	_INT_Excep_RTC_CUP
 110 0100 00 00 00 00             		.long	_INT_Excep_IRQ0
 111 0104 00 00 00 00             		.long	_INT_Excep_IRQ1
 112 0108 00 00 00 00             		.long	_INT_Excep_IRQ2
 113 010c 00 00 00 00             		.long	_INT_Excep_IRQ3
 114 0110 00 00 00 00             		.long	_INT_Excep_IRQ4
 115 0114 00 00 00 00             		.long	_INT_Excep_IRQ5
 116 0118 00 00 00 00             		.long	_INT_Excep_IRQ6
 117 011c 00 00 00 00             		.long	_INT_Excep_IRQ7
 118 0120 00 00 00 00             		.long	_INT_Excep_IRQ8
 119 0124 00 00 00 00             		.long	_INT_Excep_IRQ9
 120 0128 00 00 00 00             		.long	_INT_Excep_IRQ10
 121 012c 00 00 00 00             		.long	_INT_Excep_IRQ11
 122 0130 00 00 00 00             		.long	_INT_Excep_IRQ12
 123 0134 00 00 00 00             		.long	_INT_Excep_IRQ13
 124 0138 00 00 00 00             		.long	_INT_Excep_IRQ14
 125 013c 00 00 00 00             		.long	_INT_Excep_IRQ15
 126 0140 00 00 00 00             		.long	0
 127 0144 00 00 00 00             		.long	0
 128 0148 00 00 00 00             		.long	0
 129 014c 00 00 00 00             		.long	0
 130 0150 00 00 00 00             		.long	0
 131 0154 00 00 00 00             		.long	0
 132 0158 00 00 00 00             		.long	0
 133 015c 00 00 00 00             		.long	0
 134 0160 00 00 00 00             		.long	0
 135 0164 00 00 00 00             		.long	0
 136 0168 00 00 00 00             		.long	_INT_Excep_USBR_USBR0
 137 016c 00 00 00 00             		.long	_INT_Excep_USBR_USBR1
 138 0170 00 00 00 00             		.long	_INT_Excep_RTC_ALM
 139 0174 00 00 00 00             		.long	0
 140 0178 00 00 00 00             		.long	0
 141 017c 00 00 00 00             		.long	0
 142 0180 00 00 00 00             		.long	_INT_Excep_WDT_WOVI
 143 0184 00 00 00 00             		.long	0
 144 0188 00 00 00 00             		.long	_INT_Excep_AD0_ADI0
 145 018c 00 00 00 00             		.long	_INT_Excep_AD1_ADI1
 146 0190 00 00 00 00             		.long	0
 147 0194 00 00 00 00             		.long	0
 148 0198 00 00 00 00             		.long	_INT_Excep_S12AD_ADI12_0
 149 019c 00 00 00 00             		.long	0
 150 01a0 00 00 00 00             		.long	0
 151 01a4 00 00 00 00             		.long	0
 152 01a8 00 00 00 00             		.long	0
 153 01ac 00 00 00 00             		.long	0
 154 01b0 00 00 00 00             		.long	0
 155 01b4 00 00 00 00             		.long	0
 156 01b8 00 00 00 00             		.long	0
 157 01bc 00 00 00 00             		.long	0
 158 01c0 00 00 00 00             		.long	0
 159 01c4 00 00 00 00             		.long	0
 160 01c8 00 00 00 00             		.long	_INT_Excep_MTU0_TGIA0
 161 01cc 00 00 00 00             		.long	_INT_Excep_MTU0_TGIB0
 162 01d0 00 00 00 00             		.long	_INT_Excep_MTU0_TGICO
 163 01d4 00 00 00 00             		.long	_INT_Excep_MTU0_TGID0
 164 01d8 00 00 00 00             		.long	_INT_Excep_MTU0_TCIV0
 165 01dc 00 00 00 00             		.long	_INT_Excep_MTU0_TGIE0
 166 01e0 00 00 00 00             		.long	_INT_Excep_MTU0_TGIF0
 167 01e4 00 00 00 00             		.long	_INT_Excep_MTU1_TGIA1
 168 01e8 00 00 00 00             		.long	_INT_Excep_MTU1_TGIB1
 169 01ec 00 00 00 00             		.long	_INT_Excep_MTU1_TCIV1
 170 01f0 00 00 00 00             		.long	_INT_Excep_MTU1_TCIU1
 171 01f4 00 00 00 00             		.long	_INT_Excep_MTU2_TGIA2
 172 01f8 00 00 00 00             		.long	_INT_Excep_MTU2_TGIB2
 173 01fc 00 00 00 00             		.long	_INT_Excep_MTU2_TCIV2
 174 0200 00 00 00 00             		.long	_INT_Excep_MTU2_TCIU2
 175 0204 00 00 00 00             		.long	_INT_Excep_MTU3_TGIA3
 176 0208 00 00 00 00             		.long	_INT_Excep_MTU3_TGIB3
 177 020c 00 00 00 00             		.long	_INT_Excep_MTU3_TGIC3
 178 0210 00 00 00 00             		.long	_INT_Excep_MTU3_TGID3
 179 0214 00 00 00 00             		.long	_INT_Excep_MTU3_TCIV3
 180 0218 00 00 00 00             		.long	_INT_Excep_MTU4_TGIA4
 181 021c 00 00 00 00             		.long	_INT_Excep_MTU4_TGIB4
 182 0220 00 00 00 00             		.long	_INT_Excep_MTU4_TGIC4
 183 0224 00 00 00 00             		.long	_INT_Excep_MTU4_TGID4
 184 0228 00 00 00 00             		.long	_INT_Excep_MTU4_TCIV4
 185 022c 00 00 00 00             		.long	_INT_Excep_MTU5_TGIU5
 186 0230 00 00 00 00             		.long	_INT_Excep_MTU5_TGIV5
 187 0234 00 00 00 00             		.long	_INT_Excep_MTU5_TGIW5
 188 0238 00 00 00 00             		.long	_INT_Excep_MTU6_TGIA6
 189 023c 00 00 00 00             		.long	_INT_Excep_MTU6_TGIB6
 190 0240 00 00 00 00             		.long	_INT_Excep_MTU6_TGIC6
 191 0244 00 00 00 00             		.long	_INT_Excep_MTU6_TGID6
 192 0248 00 00 00 00             		.long	_INT_Excep_MTU6_TCIV6
 193 024c 00 00 00 00             		.long	_INT_Excep_MTU6_TGIE6
 194 0250 00 00 00 00             		.long	_INT_Excep_MTU6_TGIF6
 195 0254 00 00 00 00             		.long	_INT_Excep_MTU7_TGIA7
 196 0258 00 00 00 00             		.long	_INT_Excep_MTU7_TGIB7
 197 025c 00 00 00 00             		.long	_INT_Excep_MTU7_TCIV7
 198 0260 00 00 00 00             		.long	_INT_Excep_MTU7_TCIU7
 199 0264 00 00 00 00             		.long	_INT_Excep_MTU8_TGIA8
 200 0268 00 00 00 00             		.long	_INT_Excep_MTU8_TGIB8
 201 026c 00 00 00 00             		.long	_INT_Excep_MTU8_TCIV8
 202 0270 00 00 00 00             		.long	_INT_Excep_MTU8_TCIU8
 203 0274 00 00 00 00             		.long	_INT_Excep_MTU9_TGIA9
 204 0278 00 00 00 00             		.long	_INT_Excep_MTU9_TGIB9
 205 027c 00 00 00 00             		.long	_INT_Excep_MTU9_TGIC9
 206 0280 00 00 00 00             		.long	_INT_Excep_MTU9_TGID9
 207 0284 00 00 00 00             		.long	_INT_Excep_MTU9_TCIV9
 208 0288 00 00 00 00             		.long	_INT_Excep_MTU10_TGIA10
 209 028c 00 00 00 00             		.long	_INT_Excep_MTU10_TGIB10
 210 0290 00 00 00 00             		.long	_INT_Excep_MTU10_TGIC10
 211 0294 00 00 00 00             		.long	_INT_Excep_MTU10_TGID10
 212 0298 00 00 00 00             		.long	_INT_Excep_MTU10_TCIV10
 213 029c 00 00 00 00             		.long	_INT_Excep_MTU11_TGIU11
 214 02a0 00 00 00 00             		.long	_INT_Excep_MTU11_TGIV11
 215 02a4 00 00 00 00             		.long	_INT_Excep_MTU11_TGIW11
 216 02a8 00 00 00 00             		.long	_INT_Excep_POE_OEI1
 217 02ac 00 00 00 00             		.long	_INT_Excep_POE_OEI2
 218 02b0 00 00 00 00             		.long	_INT_Excep_POE_OEI3
 219 02b4 00 00 00 00             		.long	_INT_Excep_POE_OEI4
 220 02b8 00 00 00 00             		.long	_INT_Excep_TMR0_CMIA0
 221 02bc 00 00 00 00             		.long	_INT_Excep_TMR0_CMIB0
 222 02c0 00 00 00 00             		.long	_INT_Excep_TMR0_OVI0
 223 02c4 00 00 00 00             		.long	_INT_Excep_TMR1_CMIA1
 224 02c8 00 00 00 00             		.long	_INT_Excep_TMR1_CMIB1
 225 02cc 00 00 00 00             		.long	_INT_Excep_TMR1_OVI1
 226 02d0 00 00 00 00             		.long	_INT_Excep_TMR2_CMIA2
 227 02d4 00 00 00 00             		.long	_INT_Excep_TMR2_CMIB2
 228 02d8 00 00 00 00             		.long	_INT_Excep_TMR2_OVI2
 229 02dc 00 00 00 00             		.long	_INT_Excep_TMR3_CMIA3
 230 02e0 00 00 00 00             		.long	_INT_Excep_TMR3_CMIB3
 231 02e4 00 00 00 00             		.long	_INT_Excep_TMR3_OVI3
 232 02e8 00 00 00 00             		.long	0
 233 02ec 00 00 00 00             		.long	0
 234 02f0 00 00 00 00             		.long	0
 235 02f4 00 00 00 00             		.long	0
 236 02f8 00 00 00 00             		.long	0
 237 02fc 00 00 00 00             		.long	0
 238 0300 00 00 00 00             		.long	0
 239 0304 00 00 00 00             		.long	0
 240 0308 00 00 00 00             		.long	0
 241 030c 00 00 00 00             		.long	0
 242 0310 00 00 00 00             		.long	0
 243 0314 00 00 00 00             		.long	0
 244 0318 00 00 00 00             		.long	_INT_Excep_DMACA_DMAC0I
 245 031c 00 00 00 00             		.long	_INT_Excep_DMACA_DMAC1I
 246 0320 00 00 00 00             		.long	_INT_Excep_DMACA_DMAC2I
 247 0324 00 00 00 00             		.long	_INT_Excep_DMACA_DMAC3I
 248 0328 00 00 00 00             		.long	_INT_Excep_EXDMAC_EXDMAC_0I
 249 032c 00 00 00 00             		.long	_INT_Excep_EXDMAC_EXDMAC_1I
 250 0330 00 00 00 00             		.long	0
 251 0334 00 00 00 00             		.long	0
 252 0338 00 00 00 00             		.long	0
 253 033c 00 00 00 00             		.long	0
 254 0340 00 00 00 00             		.long	0
 255 0344 00 00 00 00             		.long	0
 256 0348 00 00 00 00             		.long	0
 257 034c 00 00 00 00             		.long	0
 258 0350 00 00 00 00             		.long	0
 259 0354 00 00 00 00             		.long	0
 260 0358 00 00 00 00             		.long	_INT_Excep_SCI0_ERI0
 261 035c 00 00 00 00             		.long	_INT_Excep_SCI0_RXI0
 262 0360 00 00 00 00             		.long	_INT_Excep_SCI0_TXI0
 263 0364 00 00 00 00             		.long	_INT_Excep_SCI0_TEI0
 264 0368 00 00 00 00             		.long	_INT_Excep_SCI1_ERI1
 265 036c 00 00 00 00             		.long	_INT_Excep_SCI1_RXI1
 266 0370 00 00 00 00             		.long	_INT_Excep_SCI1_TXI1
 267 0374 00 00 00 00             		.long	_INT_Excep_SCI1_TEI1
 268 0378 00 00 00 00             		.long	_INT_Excep_SCI2_ERI2
 269 037c 00 00 00 00             		.long	_INT_Excep_SCI2_RXI2
 270 0380 00 00 00 00             		.long	_INT_Excep_SCI2_TXI2
 271 0384 00 00 00 00             		.long	_INT_Excep_SCI2_TEI2
 272 0388 00 00 00 00             		.long	_INT_Excep_SCI3_ERI3
 273 038c 00 00 00 00             		.long	_INT_Excep_SCI3_RXI3
 274 0390 00 00 00 00             		.long	_INT_Excep_SCI3_TXI3
 275 0394 00 00 00 00             		.long	_INT_Excep_SCI3_TEI3
 276 0398 00 00 00 00             		.long	0
 277 039c 00 00 00 00             		.long	0
 278 03a0 00 00 00 00             		.long	0
 279 03a4 00 00 00 00             		.long	0
 280 03a8 00 00 00 00             		.long	_INT_Excep_SCI5_ERI5
 281 03ac 00 00 00 00             		.long	_INT_Excep_SCI5_RXI5
 282 03b0 00 00 00 00             		.long	_INT_Excep_SCI5_TXI5
 283 03b4 00 00 00 00             		.long	_INT_Excep_SCI5_TEI5
 284 03b8 00 00 00 00             		.long	_INT_Excep_SCI6_ERI6
 285 03bc 00 00 00 00             		.long	_INT_Excep_SCI6_RXI6
 286 03c0 00 00 00 00             		.long	_INT_Excep_SCI6_TXI6
 287 03c4 00 00 00 00             		.long	_INT_Excep_SCI6_TEI6
 288 03c8 00 00 00 00             		.long	0
 289 03cc 00 00 00 00             		.long	0
 290 03d0 00 00 00 00             		.long	0
 291 03d4 00 00 00 00             		.long	0
 292 03d8 00 00 00 00             		.long	_INT_Excep_RIIC0_ICEEI0
 293 03dc 00 00 00 00             		.long	_INT_Excep_RIIC0_ICRXI0
 294 03e0 00 00 00 00             		.long	_INT_Excep_RIIC0_ICTXI0
 295 03e4 00 00 00 00             		.long	_INT_Excep_RIIC0_ICTEI0
 296 03e8 00 00 00 00             		.long	_INT_Excep_RIIC1_ICEEI1
 297 03ec 00 00 00 00             		.long	_INT_Excep_RIIC1_ICRXI1
 298 03f0 00 00 00 00             		.long	_INT_Excep_RIIC1_ICTXI1
 299 03f4 00 00 00 00             		.long	_INT_Excep_RIIC1_ICTEI1
 300 03f8 00 00 00 00             		.long	0
 301 03fc 00 00 00 00             		.long	0
 302                             		.section P,"ax"
 303                             	.Letext0:
 304                             		.file 1 "../src/vector_table.c"
