   1                             		.file	"main.c"
   9                             	.Ltext0:
  10                             		.global	_main
  12                             	_main:
  13                             	.LFB0:
  14                             		.file 1 "../src/main.c"
   1:../src/main.c **** /***********************************************************************/
   2:../src/main.c **** /*  													               */
   3:../src/main.c **** /*      PROJECT NAME :  opend2c                                        */
   4:../src/main.c **** /*      FILE         :  opend2c.c                                      */
   5:../src/main.c **** /*      DESCRIPTION  :  Main Program                                   */
   6:../src/main.c **** /*      CPU SERIES   :  RX600                                          */
   7:../src/main.c **** /*      CPU TYPE     :  RX62N                                          */
   8:../src/main.c **** /*  													               */
   9:../src/main.c **** /*      This file is generated by KPIT Eclipse.                        */
  10:../src/main.c **** /*  													               */
  11:../src/main.c **** /***********************************************************************/                          
  12:../src/main.c **** 																							
  13:../src/main.c **** #define __RX_LITTLE_ENDIAN__ 1
  14:../src/main.c **** #include "iodefine.h"
  15:../src/main.c **** 
  16:../src/main.c **** 
  17:../src/main.c **** int main(void)
  18:../src/main.c **** {
  15                             		.loc 1 18 0
  16 0000 7E A6                   		push.l	r6
  17                             	.LCFI0:
  18 0002 EF 06                   		mov.L	r0, r6
  19                             	.LCFI1:
  20                             		.balign 8,3,3
  21                             	.L2:
  19:../src/main.c ****     // TODO: add application code here
  20:../src/main.c **** 
  21:../src/main.c ****     while (1) {
  22:../src/main.c ****     }
  22                             		.loc 1 22 0
  23 0004 2E 00                   		bra	.L2
  24                             	.LFE0:
  62                             	.Letext0:
